{"/home/shivamgupta/Documents/Shivam/Node/5.1/fifth_exercise/src/app.ts": {"path":"/home/shivamgupta/Documents/Shivam/Node/5.1/fifth_exercise/src/app.ts","statementMap":{"0":{"start":{"line":13,"column":0},"end":{"line":13,"column":30}},"1":{"start":{"line":16,"column":12},"end":{"line":16,"column":21}},"2":{"start":{"line":17,"column":0},"end":{"line":17,"column":24}},"3":{"start":{"line":19,"column":0},"end":{"line":21,"column":3}},"4":{"start":{"line":20,"column":2},"end":{"line":20,"column":44}},"5":{"start":{"line":23,"column":0},"end":{"line":25,"column":3}},"6":{"start":{"line":24,"column":2},"end":{"line":24,"column":58}},"7":{"start":{"line":27,"column":0},"end":{"line":29,"column":3}},"8":{"start":{"line":28,"column":2},"end":{"line":28,"column":47}},"9":{"start":{"line":31,"column":0},"end":{"line":31,"column":19}},"10":{"start":{"line":34,"column":0},"end":{"line":37,"column":1}},"11":{"start":{"line":35,"column":15},"end":{"line":35,"column":39}},"12":{"start":{"line":36,"column":2},"end":{"line":36,"column":72}},"13":{"start":{"line":36,"column":25},"end":{"line":36,"column":70}}},"fnMap":{"0":{"name":"(anonymous_1)","decl":{"start":{"line":19,"column":17},"end":{"line":19,"column":18}},"loc":{"start":{"line":19,"column":49},"end":{"line":21,"column":1}}},"1":{"name":"(anonymous_2)","decl":{"start":{"line":23,"column":18},"end":{"line":23,"column":19}},"loc":{"start":{"line":23,"column":50},"end":{"line":25,"column":1}}},"2":{"name":"(anonymous_3)","decl":{"start":{"line":27,"column":8},"end":{"line":27,"column":9}},"loc":{"start":{"line":27,"column":40},"end":{"line":29,"column":1}}},"3":{"name":"(anonymous_4)","decl":{"start":{"line":36,"column":19},"end":{"line":36,"column":22}},"loc":{"start":{"line":36,"column":25},"end":{"line":36,"column":70}}}},"branchMap":{"0":{"loc":{"start":{"line":34,"column":0},"end":{"line":37,"column":1}},"type":"if","locations":[{"start":{"line":34,"column":0},"end":{"line":37,"column":1}},{"start":{},"end":{}}]},"1":{"loc":{"start":{"line":34,"column":5},"end":{"line":34,"column":26}},"type":"binary-expr","locations":[{"start":{"line":34,"column":5},"end":{"line":34,"column":20}},{"start":{"line":34,"column":24},"end":{"line":34,"column":26}}]},"2":{"loc":{"start":{"line":35,"column":15},"end":{"line":35,"column":39}},"type":"binary-expr","locations":[{"start":{"line":35,"column":15},"end":{"line":35,"column":31}},{"start":{"line":35,"column":35},"end":{"line":35,"column":39}}]}},"s":{"0":1,"1":1,"2":1,"3":1,"4":1,"5":1,"6":1,"7":1,"8":1,"9":1,"10":1,"11":0,"12":0,"13":0},"f":{"0":1,"1":1,"2":1,"3":0},"b":{"0":[0,1],"1":[1,0],"2":[0,0]}}
}
